2023-01-05 20:11:55,591  root  INFO: request: https://sistemasweb.b3.com.br/PlantaoNoticias/Noticias/ListarTitulosNoticias?agencia=18&palavra=&dataInicial=2022-11-01&dataFinal=2022-11-30
2023-01-05 20:11:57,894  root  INFO: (Iniciando extracao Propriedades FIIS (PEMA11))
2023-01-05 20:12:02,310  root  INFO: url tabela notícia: https://fnet.bmfbovespa.com.br/fnet/publico/exibirDocumento?id=384286&#toolbar=0
2023-01-05 20:12:06,168  root  INFO: {'valor_provento': 0.808, 'data_base': '30/11/2022', 'data_pagamento': '14/12/2022', 'status': True}
2023-01-05 20:12:06,168  root  INFO: url: https://bvmf.bmfbovespa.com.br/SIG/FormConsultaMercVista.asp?strTipoResumo=RES_MERC_VISTA&strSocEmissora=PEMA11&strDtReferencia=11/2022&strIdioma=P&intCodNivel=2&intCodCtrl=160
2023-01-05 20:12:09,849  root  INFO: Dados salvos com sucesso!
2023-01-05 20:12:09,849  root  INFO: (Iniciando extracao Propriedades FIIS (WSEC11))
2023-01-05 20:17:11,722  root  WARNING: Tempo de busca exetido.
2023-01-05 20:17:11,889  root  INFO: None
2023-01-05 20:19:47,206  root  INFO: request: https://sistemasweb.b3.com.br/PlantaoNoticias/Noticias/ListarTitulosNoticias?agencia=18&palavra=&dataInicial=2022-11-01&dataFinal=2022-11-30
2023-01-05 20:19:50,044  root  INFO: (Iniciando extracao Propriedades FIIS (PEMA11))
2023-01-05 20:19:54,848  root  INFO: url tabela notícia: https://fnet.bmfbovespa.com.br/fnet/publico/exibirDocumento?id=384286&#toolbar=0
2023-01-05 20:19:57,431  root  INFO: {'valor_provento': 0.808, 'data_base': '30/11/2022', 'data_pagamento': '14/12/2022', 'status': True}
2023-01-05 20:19:57,431  root  INFO: url: https://bvmf.bmfbovespa.com.br/SIG/FormConsultaMercVista.asp?strTipoResumo=RES_MERC_VISTA&strSocEmissora=PEMA11&strDtReferencia=11/2022&strIdioma=P&intCodNivel=2&intCodCtrl=160
2023-01-05 20:20:00,671  root  ERROR: Falha ao salvar dados
Erro: UNIQUE constraint failed: fiis_valores.periodo_referencia
2023-01-05 20:20:00,671  root  ERROR: Falha ao salvar dados.
2023-01-05 20:20:00,671  root  INFO: (Iniciando extracao Propriedades FIIS (WSEC11))
2023-01-05 20:20:04,053  root  INFO: url tabela notícia: https://fnet.bmfbovespa.com.br/fnet/publico/exibirDocumento?id=383984&#toolbar=0
2023-01-05 20:20:06,631  root  INFO: {'valor_provento': 1.0, 'data_base': '30/11/2022', 'data_pagamento': '16/12/2022', 'status': True}
2023-01-05 20:20:06,631  root  INFO: url: https://bvmf.bmfbovespa.com.br/SIG/FormConsultaMercVista.asp?strTipoResumo=RES_MERC_VISTA&strSocEmissora=WSEC11&strDtReferencia=11/2022&strIdioma=P&intCodNivel=2&intCodCtrl=160
2023-01-05 20:20:09,964  root  INFO: Dados salvos com sucesso!
2023-01-05 20:20:09,964  root  INFO: (Iniciando extracao Propriedades FIIS (OPTM11))
2023-01-05 20:20:13,048  root  INFO: url tabela notícia: https://fnet.bmfbovespa.com.br/fnet/publico/exibirDocumento?id=384107&#toolbar=0
2023-01-05 20:20:15,646  root  INFO: {'valor_provento': 106.62, 'data_base': '30/11/2022', 'data_pagamento': '16/12/2022', 'status': True}
2023-01-05 20:20:15,646  root  INFO: url: https://bvmf.bmfbovespa.com.br/SIG/FormConsultaMercVista.asp?strTipoResumo=RES_MERC_VISTA&strSocEmissora=OPTM11&strDtReferencia=11/2022&strIdioma=P&intCodNivel=2&intCodCtrl=160
2023-01-05 20:20:28,504  root  WARNING: Tempo de busca exetido.
2023-01-05 20:20:28,876  root  ERROR: Tabela de Cotação não encontrada.
2023-01-05 20:20:28,876  root  ERROR: 
2023-01-05 20:20:28,876  root  ERROR: Falha ao concluir o manipulate_data.
2023-01-05 20:20:28,876  root  INFO: (Iniciando extracao Propriedades FIIS (VCRA11))
2023-01-05 20:20:31,907  root  INFO: url tabela notícia: https://fnet.bmfbovespa.com.br/fnet/publico/exibirDocumento?id=383983&#toolbar=0
2023-01-05 20:20:34,606  root  INFO: {'valor_provento': 1.4, 'data_base': '30/11/2022', 'data_pagamento': '13/12/2022', 'status': True}
2023-01-05 20:20:34,606  root  INFO: url: https://bvmf.bmfbovespa.com.br/SIG/FormConsultaMercVista.asp?strTipoResumo=RES_MERC_VISTA&strSocEmissora=VCRA11&strDtReferencia=11/2022&strIdioma=P&intCodNivel=2&intCodCtrl=160
2023-01-05 20:20:37,865  root  INFO: Dados salvos com sucesso!
2023-01-05 20:20:37,865  root  INFO: (Iniciando extracao Propriedades FIIS (XPPR11))
2023-01-05 20:20:55,541  root  INFO: request: https://sistemasweb.b3.com.br/PlantaoNoticias/Noticias/ListarTitulosNoticias?agencia=18&palavra=&dataInicial=2022-11-01&dataFinal=2022-11-30
2023-01-05 20:20:57,983  root  INFO: (Iniciando extracao Propriedades FIIS (PEMA11))
2023-01-05 20:21:01,131  root  INFO: url tabela notícia: https://fnet.bmfbovespa.com.br/fnet/publico/exibirDocumento?id=384286&#toolbar=0
2023-01-05 20:21:03,908  root  INFO: {'valor_provento': 0.808, 'data_base': '30/11/2022', 'data_pagamento': '14/12/2022', 'status': True}
2023-01-05 20:21:03,908  root  INFO: url: https://bvmf.bmfbovespa.com.br/SIG/FormConsultaMercVista.asp?strTipoResumo=RES_MERC_VISTA&strSocEmissora=PEMA11&strDtReferencia=11/2022&strIdioma=P&intCodNivel=2&intCodCtrl=160
2023-01-05 20:21:07,111  root  ERROR: Falha ao salvar dados
Erro: UNIQUE constraint failed: fiis_valores.periodo_referencia
2023-01-05 20:21:07,111  root  ERROR: Falha ao salvar dados.
2023-01-05 20:21:07,111  root  INFO: (Iniciando extracao Propriedades FIIS (WSEC11))
2023-01-05 20:21:11,905  urllib3.connectionpool  WARNING: Retrying (Retry(total=2, connect=None, read=None, redirect=None, status=None)) after connection broken by 'NewConnectionError('<urllib3.connection.HTTPConnection object at 0x10bb18c10>: Failed to establish a new connection: [Errno 61] Connection refused')': /session/5676909f-d156-438e-bb77-99fcb0c6a999
2023-01-05 20:21:11,905  urllib3.connectionpool  WARNING: Retrying (Retry(total=1, connect=None, read=None, redirect=None, status=None)) after connection broken by 'NewConnectionError('<urllib3.connection.HTTPConnection object at 0x10bb18d00>: Failed to establish a new connection: [Errno 61] Connection refused')': /session/5676909f-d156-438e-bb77-99fcb0c6a999
2023-01-05 20:21:11,906  urllib3.connectionpool  WARNING: Retrying (Retry(total=0, connect=None, read=None, redirect=None, status=None)) after connection broken by 'NewConnectionError('<urllib3.connection.HTTPConnection object at 0x10bb18e50>: Failed to establish a new connection: [Errno 61] Connection refused')': /session/5676909f-d156-438e-bb77-99fcb0c6a999
2023-01-05 20:21:11,906  root  INFO: None
2023-01-05 20:23:33,586  root  INFO: request: https://sistemasweb.b3.com.br/PlantaoNoticias/Noticias/ListarTitulosNoticias?agencia=18&palavra=&dataInicial=2022-11-01&dataFinal=2022-11-30
2023-01-05 20:23:35,563  root  INFO: (Iniciando extracao Propriedades FIIS (PEMA11))
2023-01-05 20:23:39,087  root  INFO: url tabela notícia: https://fnet.bmfbovespa.com.br/fnet/publico/exibirDocumento?id=384286&#toolbar=0
2023-01-05 20:23:41,727  root  INFO: {'valor_provento': 0.808, 'data_base': '30/11/2022', 'data_pagamento': '14/12/2022', 'status': True}
2023-01-05 20:23:41,728  root  INFO: url: https://bvmf.bmfbovespa.com.br/SIG/FormConsultaMercVista.asp?strTipoResumo=RES_MERC_VISTA&strSocEmissora=PEMA11&strDtReferencia=11/2022&strIdioma=P&intCodNivel=2&intCodCtrl=160
2023-01-05 20:23:45,241  root  ERROR: Falha ao salvar dados
Erro: UNIQUE constraint failed: fiis_valores.periodo_referencia
2023-01-05 20:23:45,241  root  ERROR: Falha ao salvar dados.
2023-01-05 20:23:45,241  root  INFO: (Iniciando extracao Propriedades FIIS (WSEC11))
2023-01-05 20:23:48,199  root  INFO: url tabela notícia: https://fnet.bmfbovespa.com.br/fnet/publico/exibirDocumento?id=383984&#toolbar=0
2023-01-05 20:23:50,733  root  INFO: {'valor_provento': 1.0, 'data_base': '30/11/2022', 'data_pagamento': '16/12/2022', 'status': True}
2023-01-05 20:23:50,734  root  INFO: url: https://bvmf.bmfbovespa.com.br/SIG/FormConsultaMercVista.asp?strTipoResumo=RES_MERC_VISTA&strSocEmissora=WSEC11&strDtReferencia=11/2022&strIdioma=P&intCodNivel=2&intCodCtrl=160
2023-01-05 20:23:54,141  root  ERROR: Falha ao salvar dados
Erro: UNIQUE constraint failed: fiis_valores.periodo_referencia
2023-01-05 20:23:54,141  root  ERROR: Falha ao salvar dados.
2023-01-05 20:23:54,141  root  INFO: (Iniciando extracao Propriedades FIIS (OPTM11))
2023-01-05 20:28:56,025  root  WARNING: Tempo de busca exetido.
2023-01-05 20:28:56,181  root  ERROR: Não foi possível solicitar a noticia desejada!
2023-01-05 20:28:56,181  root  ERROR: Falha ao concluir o manipulate_data.
2023-01-05 20:28:56,181  root  INFO: (Iniciando extracao Propriedades FIIS (VCRA11))
2023-01-05 20:28:58,213  root  WARNING: Não foi possível realizar o request. Message: Reached error page: about:neterror?e=dnsNotFound&u=https%3A//sistemasweb.b3.com.br/PlantaoNoticias/Noticias/Detail%3FidNoticia%3D2026112%26agencia%3D18%26dataNoticia%3D2022-11-30%252019%3A26%3A08&c=UTF-8&d=N%C3%A3o%20foi%20poss%C3%ADvel%20conectar%20com%20o%20servidor%20de%20sistemasweb.b3.com.br.

2023-01-05 20:28:58,448  root  ERROR: Não foi possível solicitar a noticia desejada!
2023-01-05 20:28:58,449  root  ERROR: Falha ao concluir o manipulate_data.
2023-01-05 20:28:58,449  root  INFO: (Iniciando extracao Propriedades FIIS (XPPR11))
2023-01-05 20:29:00,381  root  WARNING: Não foi possível realizar o request. Message: Reached error page: about:neterror?e=dnsNotFound&u=https%3A//sistemasweb.b3.com.br/PlantaoNoticias/Noticias/Detail%3FidNoticia%3D2026109%26agencia%3D18%26dataNoticia%3D2022-11-30%252019%3A24%3A32&c=UTF-8&d=N%C3%A3o%20foi%20poss%C3%ADvel%20conectar%20com%20o%20servidor%20de%20sistemasweb.b3.com.br.

2023-01-05 20:29:00,617  root  ERROR: Não foi possível solicitar a noticia desejada!
2023-01-05 20:29:00,617  root  ERROR: Falha ao concluir o manipulate_data.
2023-01-05 20:29:00,617  root  INFO: (Iniciando extracao Propriedades FIIS (VINO11))
2023-01-05 20:29:02,598  root  WARNING: Não foi possível realizar o request. Message: Reached error page: about:neterror?e=dnsNotFound&u=https%3A//sistemasweb.b3.com.br/PlantaoNoticias/Noticias/Detail%3FidNoticia%3D2026108%26agencia%3D18%26dataNoticia%3D2022-11-30%252019%3A23%3A32&c=UTF-8&d=N%C3%A3o%20foi%20poss%C3%ADvel%20conectar%20com%20o%20servidor%20de%20sistemasweb.b3.com.br.

2023-01-05 20:29:02,832  root  ERROR: Não foi possível solicitar a noticia desejada!
2023-01-05 20:29:02,832  root  ERROR: Falha ao concluir o manipulate_data.
2023-01-05 20:29:02,832  root  INFO: (Iniciando extracao Propriedades FIIS (HLOG11))
2023-01-05 20:29:04,815  root  WARNING: Não foi possível realizar o request. Message: Reached error page: about:neterror?e=dnsNotFound&u=https%3A//sistemasweb.b3.com.br/PlantaoNoticias/Noticias/Detail%3FidNoticia%3D2026107%26agencia%3D18%26dataNoticia%3D2022-11-30%252019%3A23%3A26&c=UTF-8&d=N%C3%A3o%20foi%20poss%C3%ADvel%20conectar%20com%20o%20servidor%20de%20sistemasweb.b3.com.br.

2023-01-05 20:29:05,051  root  ERROR: Não foi possível solicitar a noticia desejada!
2023-01-05 20:29:05,052  root  ERROR: Falha ao concluir o manipulate_data.
2023-01-05 20:29:05,052  root  INFO: (Iniciando extracao Propriedades FIIS (VILG11))
2023-01-05 20:29:07,014  root  WARNING: Não foi possível realizar o request. Message: Reached error page: about:neterror?e=dnsNotFound&u=https%3A//sistemasweb.b3.com.br/PlantaoNoticias/Noticias/Detail%3FidNoticia%3D2026103%26agencia%3D18%26dataNoticia%3D2022-11-30%252019%3A17%3A58&c=UTF-8&d=N%C3%A3o%20foi%20poss%C3%ADvel%20conectar%20com%20o%20servidor%20de%20sistemasweb.b3.com.br.

2023-01-05 20:29:07,251  root  ERROR: Não foi possível solicitar a noticia desejada!
2023-01-05 20:29:07,251  root  ERROR: Falha ao concluir o manipulate_data.
2023-01-05 20:29:07,252  root  INFO: (Iniciando extracao Propriedades FIIS (KNRE11))
2023-01-05 20:29:09,215  root  WARNING: Não foi possível realizar o request. Message: Reached error page: about:neterror?e=dnsNotFound&u=https%3A//sistemasweb.b3.com.br/PlantaoNoticias/Noticias/Detail%3FidNoticia%3D2026096%26agencia%3D18%26dataNoticia%3D2022-11-30%252019%3A15%3A41&c=UTF-8&d=N%C3%A3o%20foi%20poss%C3%ADvel%20conectar%20com%20o%20servidor%20de%20sistemasweb.b3.com.br.

2023-01-05 20:29:09,452  root  ERROR: Não foi possível solicitar a noticia desejada!
2023-01-05 20:29:09,452  root  ERROR: Falha ao concluir o manipulate_data.
2023-01-05 20:29:09,452  root  INFO: (Iniciando extracao Propriedades FIIS (KINP11))
2023-01-05 20:29:11,372  root  WARNING: Não foi possível realizar o request. Message: Reached error page: about:neterror?e=dnsNotFound&u=https%3A//sistemasweb.b3.com.br/PlantaoNoticias/Noticias/Detail%3FidNoticia%3D2026095%26agencia%3D18%26dataNoticia%3D2022-11-30%252019%3A14%3A25&c=UTF-8&d=N%C3%A3o%20foi%20poss%C3%ADvel%20conectar%20com%20o%20servidor%20de%20sistemasweb.b3.com.br.

2023-01-05 20:29:11,611  root  ERROR: Não foi possível solicitar a noticia desejada!
2023-01-05 20:29:11,611  root  ERROR: Falha ao concluir o manipulate_data.
2023-01-05 20:29:11,611  root  INFO: (Iniciando extracao Propriedades FIIS (KINP11))
2023-01-05 20:29:13,670  root  WARNING: Não foi possível realizar o request. Message: Reached error page: about:neterror?e=dnsNotFound&u=https%3A//sistemasweb.b3.com.br/PlantaoNoticias/Noticias/Detail%3FidNoticia%3D2026094%26agencia%3D18%26dataNoticia%3D2022-11-30%252019%3A14%3A24&c=UTF-8&d=N%C3%A3o%20foi%20poss%C3%ADvel%20conectar%20com%20o%20servidor%20de%20sistemasweb.b3.com.br.

2023-01-05 20:29:13,903  root  ERROR: Não foi possível solicitar a noticia desejada!
2023-01-05 20:29:13,904  root  ERROR: Falha ao concluir o manipulate_data.
2023-01-05 20:29:13,904  root  INFO: (Iniciando extracao Propriedades FIIS (KINP11))
2023-01-05 20:29:15,973  root  WARNING: Não foi possível realizar o request. Message: Reached error page: about:neterror?e=dnsNotFound&u=https%3A//sistemasweb.b3.com.br/PlantaoNoticias/Noticias/Detail%3FidNoticia%3D2026092%26agencia%3D18%26dataNoticia%3D2022-11-30%252019%3A13%3A45&c=UTF-8&d=N%C3%A3o%20foi%20poss%C3%ADvel%20conectar%20com%20o%20servidor%20de%20sistemasweb.b3.com.br.

2023-01-05 20:29:16,349  root  ERROR: Não foi possível solicitar a noticia desejada!
2023-01-05 20:29:16,349  root  ERROR: Falha ao concluir o manipulate_data.
2023-01-05 20:29:16,349  root  INFO: (Iniciando extracao Propriedades FIIS (WPLZ11))
2023-01-05 20:29:41,306  root  INFO: url tabela notícia: https://fnet.bmfbovespa.com.br/fnet/publico/exibirDocumento?id=383920&#toolbar=0
2023-01-05 20:29:44,606  root  INFO: {'valor_provento': 0.6, 'data_base': '30/11/2022', 'data_pagamento': '14/12/2022', 'status': True}
2023-01-05 20:29:44,607  root  INFO: url: https://bvmf.bmfbovespa.com.br/SIG/FormConsultaMercVista.asp?strTipoResumo=RES_MERC_VISTA&strSocEmissora=WPLZ11&strDtReferencia=11/2022&strIdioma=P&intCodNivel=2&intCodCtrl=160
2023-01-05 20:29:47,811  root  INFO: Dados salvos com sucesso!
2023-01-05 20:29:47,811  root  INFO: (Iniciando extracao Propriedades FIIS (XPSF11))
2023-01-05 20:29:50,802  root  INFO: url tabela notícia: https://fnet.bmfbovespa.com.br/fnet/publico/exibirDocumento?id=383876&#toolbar=0
2023-01-05 20:29:53,356  root  INFO: {'valor_provento': 0.077, 'data_base': '30/11/2022', 'data_pagamento': '14/12/2022', 'status': True}
2023-01-05 20:29:53,356  root  INFO: url: https://bvmf.bmfbovespa.com.br/SIG/FormConsultaMercVista.asp?strTipoResumo=RES_MERC_VISTA&strSocEmissora=XPSF11&strDtReferencia=11/2022&strIdioma=P&intCodNivel=2&intCodCtrl=160
2023-01-05 22:24:25,858  root  INFO: request: https://sistemasweb.b3.com.br/PlantaoNoticias/Noticias/ListarTitulosNoticias?agencia=18&palavra=&dataInicial=2022-11-01&dataFinal=2022-11-30
2023-01-05 22:24:27,231  root  INFO: (Iniciando extracao Propriedades FIIS (PEMA11))
2023-01-05 22:24:56,304  root  INFO: request: https://sistemasweb.b3.com.br/PlantaoNoticias/Noticias/ListarTitulosNoticias?agencia=18&palavra=&dataInicial=2022-11-01&dataFinal=2022-11-30
2023-01-05 22:24:58,604  root  INFO: (Iniciando extracao Propriedades FIIS (PEMA11))
2023-01-05 22:25:24,068  root  INFO: request: https://sistemasweb.b3.com.br/PlantaoNoticias/Noticias/ListarTitulosNoticias?agencia=18&palavra=&dataInicial=2022-11-01&dataFinal=2022-11-30
2023-01-05 22:25:25,592  root  INFO: (Iniciando extracao Propriedades FIIS (PEMA11))
2023-01-05 22:26:03,439  root  INFO: request: https://sistemasweb.b3.com.br/PlantaoNoticias/Noticias/ListarTitulosNoticias?agencia=18&palavra=&dataInicial=2022-11-01&dataFinal=2022-11-30
2023-01-05 22:26:06,292  root  INFO: (Iniciando extracao Propriedades FIIS (PEMA11))
2023-01-05 22:26:11,133  root  INFO: url tabela notícia: https://fnet.bmfbovespa.com.br/fnet/publico/exibirDocumento?id=384286&#toolbar=0
2023-01-05 22:26:14,139  root  INFO: {'valor_provento': 0.808, 'data_base': '30/11/2022', 'data_pagamento': '14/12/2022', 'status': True}
2023-01-05 22:26:14,139  root  INFO: url: https://bvmf.bmfbovespa.com.br/SIG/FormConsultaMercVista.asp?strTipoResumo=RES_MERC_VISTA&strSocEmissora=PEMA11&strDtReferencia=11/2022&strIdioma=P&intCodNivel=2&intCodCtrl=160
2023-01-05 22:26:16,581  urllib3.connectionpool  WARNING: Retrying (Retry(total=2, connect=None, read=None, redirect=None, status=None)) after connection broken by 'NewConnectionError('<urllib3.connection.HTTPConnection object at 0x10269fa90>: Failed to establish a new connection: [Errno 61] Connection refused')': /session/6f393870-eb55-45de-923f-5024a0339bf6
2023-01-05 22:26:16,582  urllib3.connectionpool  WARNING: Retrying (Retry(total=1, connect=None, read=None, redirect=None, status=None)) after connection broken by 'NewConnectionError('<urllib3.connection.HTTPConnection object at 0x10269fb80>: Failed to establish a new connection: [Errno 61] Connection refused')': /session/6f393870-eb55-45de-923f-5024a0339bf6
2023-01-05 22:26:16,582  urllib3.connectionpool  WARNING: Retrying (Retry(total=0, connect=None, read=None, redirect=None, status=None)) after connection broken by 'NewConnectionError('<urllib3.connection.HTTPConnection object at 0x10269fcd0>: Failed to establish a new connection: [Errno 61] Connection refused')': /session/6f393870-eb55-45de-923f-5024a0339bf6
2023-01-05 22:26:16,583  root  ERROR: Tabela de Cotação não encontrada.
2023-01-05 22:26:16,583  root  ERROR: 
2023-01-05 22:26:16,583  root  ERROR: Falha ao concluir o manipulate_data.
2023-01-05 22:26:16,583  root  INFO: (Iniciando extracao Propriedades FIIS (WSEC11))
2023-01-05 22:26:20,053  root  INFO: url tabela notícia: https://fnet.bmfbovespa.com.br/fnet/publico/exibirDocumento?id=383984&#toolbar=0
2023-02-10 22:55:21,563  root  INFO: request: https://sistemasweb.b3.com.br/PlantaoNoticias/Noticias/ListarTitulosNoticias?agencia=18&palavra=&dataInicial=2022-11-01&dataFinal=2022-11-30
2023-02-10 22:55:22,254  root  INFO: (Iniciando extracao Propriedades FIIS (PEMA11))
2023-02-10 22:55:25,511  root  INFO: url tabela notícia: https://fnet.bmfbovespa.com.br/fnet/publico/exibirDocumento?id=384286&#toolbar=0
2023-02-10 22:55:28,225  root  INFO: {'valor_provento': 0.808, 'data_base': '30/11/2022', 'data_pagamento': '14/12/2022', 'status': True}
2023-02-10 22:55:28,226  root  INFO: url: https://bvmf.bmfbovespa.com.br/SIG/FormConsultaMercVista.asp?strTipoResumo=RES_MERC_VISTA&strSocEmissora=PEMA11&strDtReferencia=11/2022&strIdioma=P&intCodNivel=2&intCodCtrl=160
2023-02-10 22:55:31,534  root  INFO: Dados salvos com sucesso!
2023-02-10 22:55:31,534  root  INFO: (Iniciando extracao Propriedades FIIS (WSEC11))
2023-02-10 22:55:34,542  root  INFO: url tabela notícia: https://fnet.bmfbovespa.com.br/fnet/publico/exibirDocumento?id=383984&#toolbar=0
2023-02-10 22:55:37,069  root  INFO: {'valor_provento': 1.0, 'data_base': '30/11/2022', 'data_pagamento': '16/12/2022', 'status': True}
2023-02-10 22:55:37,069  root  INFO: url: https://bvmf.bmfbovespa.com.br/SIG/FormConsultaMercVista.asp?strTipoResumo=RES_MERC_VISTA&strSocEmissora=WSEC11&strDtReferencia=11/2022&strIdioma=P&intCodNivel=2&intCodCtrl=160
2023-02-10 22:55:40,241  root  INFO: Dados salvos com sucesso!
2023-02-10 22:55:40,242  root  INFO: (Iniciando extracao Propriedades FIIS (OPTM11))
2023-02-10 22:55:43,454  root  INFO: url tabela notícia: https://fnet.bmfbovespa.com.br/fnet/publico/exibirDocumento?id=384107&#toolbar=0
2023-02-10 22:55:46,012  root  INFO: {'valor_provento': 106.62, 'data_base': '30/11/2022', 'data_pagamento': '16/12/2022', 'status': True}
2023-02-10 22:55:46,012  root  INFO: url: https://bvmf.bmfbovespa.com.br/SIG/FormConsultaMercVista.asp?strTipoResumo=RES_MERC_VISTA&strSocEmissora=OPTM11&strDtReferencia=11/2022&strIdioma=P&intCodNivel=2&intCodCtrl=160
2023-02-10 22:55:58,959  root  WARNING: Tempo de busca exetido.
2023-02-10 22:55:59,326  root  ERROR: Tabela de Cotação não encontrada.
2023-02-10 22:55:59,326  root  ERROR: 
2023-02-10 22:55:59,326  root  ERROR: Falha ao concluir o manipulate_data.
2023-02-10 22:55:59,326  root  INFO: (Iniciando extracao Propriedades FIIS (VCRA11))
2023-02-10 22:56:02,284  root  INFO: url tabela notícia: https://fnet.bmfbovespa.com.br/fnet/publico/exibirDocumento?id=383983&#toolbar=0
2023-02-10 22:56:05,073  root  INFO: {'valor_provento': 1.4, 'data_base': '30/11/2022', 'data_pagamento': '13/12/2022', 'status': True}
2023-02-10 22:56:05,073  root  INFO: url: https://bvmf.bmfbovespa.com.br/SIG/FormConsultaMercVista.asp?strTipoResumo=RES_MERC_VISTA&strSocEmissora=VCRA11&strDtReferencia=11/2022&strIdioma=P&intCodNivel=2&intCodCtrl=160
2023-02-10 22:56:08,672  root  INFO: Dados salvos com sucesso!
2023-02-10 22:56:08,672  root  INFO: (Iniciando extracao Propriedades FIIS (XPPR11))
2023-02-10 22:56:11,789  root  INFO: url tabela notícia: https://fnet.bmfbovespa.com.br/fnet/publico/exibirDocumento?id=383828&#toolbar=0
2023-02-10 22:56:14,513  root  INFO: {'valor_provento': 0.3, 'data_base': '30/11/2022', 'data_pagamento': '14/12/2022', 'status': True}
2023-02-10 22:56:14,513  root  INFO: url: https://bvmf.bmfbovespa.com.br/SIG/FormConsultaMercVista.asp?strTipoResumo=RES_MERC_VISTA&strSocEmissora=XPPR11&strDtReferencia=11/2022&strIdioma=P&intCodNivel=2&intCodCtrl=160
2023-02-10 22:56:17,966  root  INFO: Dados salvos com sucesso!
2023-02-10 22:56:17,967  root  INFO: (Iniciando extracao Propriedades FIIS (VINO11))
2023-02-10 22:56:21,243  root  INFO: url tabela notícia: https://fnet.bmfbovespa.com.br/fnet/publico/exibirDocumento?id=383760&#toolbar=0
2023-02-10 22:56:23,937  root  INFO: {'valor_provento': 0.34, 'data_base': '30/11/2022', 'data_pagamento': '14/12/2022', 'status': True}
2023-02-10 22:56:23,938  root  INFO: url: https://bvmf.bmfbovespa.com.br/SIG/FormConsultaMercVista.asp?strTipoResumo=RES_MERC_VISTA&strSocEmissora=VINO11&strDtReferencia=11/2022&strIdioma=P&intCodNivel=2&intCodCtrl=160
2023-02-10 22:56:27,133  root  INFO: Dados salvos com sucesso!
2023-02-10 22:56:27,133  root  INFO: (Iniciando extracao Propriedades FIIS (HLOG11))
2023-02-10 22:56:30,133  root  INFO: url tabela notícia: https://fnet.bmfbovespa.com.br/fnet/publico/exibirDocumento?id=384028&#toolbar=0
2023-02-10 22:56:32,793  root  INFO: {'valor_provento': 0.65, 'data_base': '30/11/2022', 'data_pagamento': '14/12/2022', 'status': True}
2023-02-10 22:56:32,793  root  INFO: url: https://bvmf.bmfbovespa.com.br/SIG/FormConsultaMercVista.asp?strTipoResumo=RES_MERC_VISTA&strSocEmissora=HLOG11&strDtReferencia=11/2022&strIdioma=P&intCodNivel=2&intCodCtrl=160
2023-02-10 22:56:35,935  urllib3.connectionpool  WARNING: Retrying (Retry(total=2, connect=None, read=None, redirect=None, status=None)) after connection broken by 'NewConnectionError('<urllib3.connection.HTTPConnection object at 0x1033fdb70>: Failed to establish a new connection: [Errno 61] Connection refused')': /session/f5b99427-0628-4c18-9f07-d5ebf116659f
2023-02-10 22:56:35,936  urllib3.connectionpool  WARNING: Retrying (Retry(total=1, connect=None, read=None, redirect=None, status=None)) after connection broken by 'NewConnectionError('<urllib3.connection.HTTPConnection object at 0x1033fd9f0>: Failed to establish a new connection: [Errno 61] Connection refused')': /session/f5b99427-0628-4c18-9f07-d5ebf116659f
2023-02-10 22:56:35,936  urllib3.connectionpool  WARNING: Retrying (Retry(total=0, connect=None, read=None, redirect=None, status=None)) after connection broken by 'NewConnectionError('<urllib3.connection.HTTPConnection object at 0x1033fd930>: Failed to establish a new connection: [Errno 61] Connection refused')': /session/f5b99427-0628-4c18-9f07-d5ebf116659f
2023-02-10 22:56:35,937  root  ERROR: Tabela de Cotação não encontrada.
2023-02-10 22:56:35,937  root  ERROR: 
2023-02-10 22:56:35,937  root  ERROR: Falha ao concluir o manipulate_data.
2023-02-10 22:56:35,937  root  INFO: (Iniciando extracao Propriedades FIIS (VILG11))
2023-02-10 22:58:17,667  root  INFO: request: https://sistemasweb.b3.com.br/PlantaoNoticias/Noticias/ListarTitulosNoticias?agencia=18&palavra=&dataInicial=2022-11-01&dataFinal=2022-11-30
2023-02-10 22:58:19,245  root  INFO: (Iniciando extracao Propriedades FIIS (PEMA11))
2023-02-10 22:58:22,359  root  INFO: url tabela notícia: https://fnet.bmfbovespa.com.br/fnet/publico/exibirDocumento?id=384286&#toolbar=0
2023-02-10 22:58:25,027  root  INFO: {'valor_provento': 0.808, 'data_base': '30/11/2022', 'data_pagamento': '14/12/2022', 'status': True}
2023-02-10 22:58:25,027  root  INFO: url: https://bvmf.bmfbovespa.com.br/SIG/FormConsultaMercVista.asp?strTipoResumo=RES_MERC_VISTA&strSocEmissora=PEMA11&strDtReferencia=11/2022&strIdioma=P&intCodNivel=2&intCodCtrl=160
2023-02-10 22:58:29,126  root  ERROR: Falha ao salvar dados
Erro: UNIQUE constraint failed: fiis_valores.periodo_referencia
2023-02-10 22:58:29,126  root  ERROR: Falha ao salvar dados.
2023-02-10 22:58:29,126  root  INFO: (Iniciando extracao Propriedades FIIS (WSEC11))
2023-02-10 22:58:33,270  root  INFO: url tabela notícia: https://fnet.bmfbovespa.com.br/fnet/publico/exibirDocumento?id=383984&#toolbar=0
