1672968366310	geckodriver	INFO	Listening on 127.0.0.1:51039
1672968367327	mozrunner::runner	INFO	Running command: "/Applications/Firefox.app/Contents/MacOS/firefox-bin" "--marionette" "-headless" "-foreground" "-no-remote" "-profile" "/var/folders/z6/0d6qlfgn7dl8d93fgt5_t2pm0000gn/T/rust_mozprofilet47xtw"
*** You are running in headless mode.
1672968367675	Marionette	INFO	Marionette enabled
1672968367685	Marionette	INFO	Listening on port 51046
Read port: 51046
1672968367922	RemoteAgent	WARN	TLS certificate errors will be ignored for this session
[GFX1-]: RenderCompositorSWGL failed mapping default framebuffer, no dt
console.warn: SearchSettings: "get: No settings file exists, new profile?" (new NotFoundError("Could not open the file at /var/folders/z6/0d6qlfgn7dl8d93fgt5_t2pm0000gn/T/rust_mozprofilet47xtw/search.json.mozlz4", (void 0)))
1672968370442	Marionette	INFO	Stopped listening on port 51046
JavaScript error: resource://gre/modules/TerminatorTelemetry.jsm, line 60: AbortError: IOUtils: Shutting down and refusing additional I/O tasks
1672968371141	geckodriver	INFO	Listening on 127.0.0.1:51071
1672968372156	mozrunner::runner	INFO	Running command: "/Applications/Firefox.app/Contents/MacOS/firefox-bin" "--marionette" "-headless" "-foreground" "-no-remote" "-profile" "/var/folders/z6/0d6qlfgn7dl8d93fgt5_t2pm0000gn/T/rust_mozprofileWKeoCJ"
*** You are running in headless mode.
1672968372387	Marionette	INFO	Marionette enabled
1672968372394	Marionette	INFO	Listening on port 51078
Read port: 51078
1672968372598	RemoteAgent	WARN	TLS certificate errors will be ignored for this session
[GFX1-]: RenderCompositorSWGL failed mapping default framebuffer, no dt
console.warn: SearchSettings: "get: No settings file exists, new profile?" (new NotFoundError("Could not open the file at /var/folders/z6/0d6qlfgn7dl8d93fgt5_t2pm0000gn/T/rust_mozprofileWKeoCJ/search.json.mozlz4", (void 0)))
1672968373891	Marionette	INFO	Stopped listening on port 51078
1672968374144	geckodriver	INFO	Listening on 127.0.0.1:51096
1672968375160	mozrunner::runner	INFO	Running command: "/Applications/Firefox.app/Contents/MacOS/firefox-bin" "--marionette" "-headless" "-foreground" "-no-remote" "-profile" "/var/folders/z6/0d6qlfgn7dl8d93fgt5_t2pm0000gn/T/rust_mozprofileWWKuBx"
*** You are running in headless mode.
1672968375402	Marionette	INFO	Marionette enabled
1672968375409	Marionette	INFO	Listening on port 51103
Read port: 51103
1672968375619	RemoteAgent	WARN	TLS certificate errors will be ignored for this session
[GFX1-]: RenderCompositorSWGL failed mapping default framebuffer, no dt
console.warn: SearchSettings: "get: No settings file exists, new profile?" (new NotFoundError("Could not open the file at /var/folders/z6/0d6qlfgn7dl8d93fgt5_t2pm0000gn/T/rust_mozprofileWWKuBx/search.json.mozlz4", (void 0)))
Exiting due to channel error.
Exiting due to channel error.
1672968376593	geckodriver	INFO	Listening on 127.0.0.1:51120
1672968377608	mozrunner::runner	INFO	Running command: "/Applications/Firefox.app/Contents/MacOS/firefox-bin" "--marionette" "-headless" "-foreground" "-no-remote" "-profile" "/var/folders/z6/0d6qlfgn7dl8d93fgt5_t2pm0000gn/T/rust_mozprofiledONI28"
*** You are running in headless mode.
1672968377838	Marionette	INFO	Marionette enabled
1672968377845	Marionette	INFO	Listening on port 51127
Read port: 51127
1672968378062	RemoteAgent	WARN	TLS certificate errors will be ignored for this session
[GFX1-]: RenderCompositorSWGL failed mapping default framebuffer, no dt
console.warn: SearchSettings: "get: No settings file exists, new profile?" (new NotFoundError("Could not open the file at /var/folders/z6/0d6qlfgn7dl8d93fgt5_t2pm0000gn/T/rust_mozprofiledONI28/search.json.mozlz4", (void 0)))
1672968379801	Marionette	INFO	Stopped listening on port 51127
1672968380058	geckodriver	INFO	Listening on 127.0.0.1:51158
1676080210515	geckodriver	INFO	Listening on 127.0.0.1:64458
1676080211512	mozrunner::runner	INFO	Running command: "/Applications/Firefox.app/Contents/MacOS/firefox-bin" "--marionette" "-headless" "-foreground" "-no-remote" "-profile" "/var/folders/z6/0d6qlfgn7dl8d93fgt5_t2pm0000gn/T/rust_mozprofileZ9Ll3m"
*** You are running in headless mode.
1676080212001	Marionette	INFO	Marionette enabled
1676080212036	Marionette	INFO	Listening on port 64470
Read port: 64470
1676080212173	RemoteAgent	WARN	TLS certificate errors will be ignored for this session
[GFX1-]: RenderCompositorSWGL failed mapping default framebuffer, no dt
console.warn: SearchSettings: "get: No settings file exists, new profile?" (new NotFoundError("Could not open the file at /var/folders/z6/0d6qlfgn7dl8d93fgt5_t2pm0000gn/T/rust_mozprofileZ9Ll3m/search.json.mozlz4", (void 0)))
1676080224303	Marionette	INFO	Stopped listening on port 64470
1676080304169	geckodriver	INFO	Listening on 127.0.0.1:64520
1676080305179	mozrunner::runner	INFO	Running command: "/Applications/Firefox.app/Contents/MacOS/firefox-bin" "--marionette" "-headless" "-foreground" "-no-remote" "-profile" "/var/folders/z6/0d6qlfgn7dl8d93fgt5_t2pm0000gn/T/rust_mozprofilezZjz3y"
*** You are running in headless mode.
1676080305489	Marionette	INFO	Marionette enabled
1676080305499	Marionette	INFO	Listening on port 64527
Read port: 64527
1676080305668	RemoteAgent	WARN	TLS certificate errors will be ignored for this session
[GFX1-]: RenderCompositorSWGL failed mapping default framebuffer, no dt
console.warn: SearchSettings: "get: No settings file exists, new profile?" (new NotFoundError("Could not open the file at /var/folders/z6/0d6qlfgn7dl8d93fgt5_t2pm0000gn/T/rust_mozprofilezZjz3y/search.json.mozlz4", (void 0)))
1676080319153	Marionette	INFO	Stopped listening on port 64527
1676080408318	geckodriver	INFO	Listening on 127.0.0.1:64565
1676080409331	mozrunner::runner	INFO	Running command: "/Applications/Firefox.app/Contents/MacOS/firefox-bin" "--marionette" "-foreground" "-no-remote" "-profile" "/var/folders/z6/0d6qlfgn7dl8d93fgt5_t2pm0000gn/T/rust_mozprofile59jNBT"
1676080409919	Marionette	INFO	Marionette enabled
1676080409944	Marionette	INFO	Listening on port 64572
Read port: 64572
1676080410083	RemoteAgent	WARN	TLS certificate errors will be ignored for this session
console.warn: SearchSettings: "get: No settings file exists, new profile?" (new NotFoundError("Could not open the file at /var/folders/z6/0d6qlfgn7dl8d93fgt5_t2pm0000gn/T/rust_mozprofile59jNBT/search.json.mozlz4", (void 0)))
UNSUPPORTED (log once): POSSIBLE ISSUE: unit 1 GLD_TEXTURE_INDEX_2D is unloadable and bound to sampler type (Float) - using zero texture because texture unloadable
1676080422214	Marionette	INFO	Stopped listening on port 64572
1676080493188	geckodriver	INFO	Listening on 127.0.0.1:64604
1676080494202	mozrunner::runner	INFO	Running command: "/Applications/Firefox.app/Contents/MacOS/firefox-bin" "--marionette" "-foreground" "-no-remote" "-profile" "/var/folders/z6/0d6qlfgn7dl8d93fgt5_t2pm0000gn/T/rust_mozprofileX6ARTZ"
1676080494716	Marionette	INFO	Marionette enabled
1676080494743	Marionette	INFO	Listening on port 64611
Read port: 64611
1676080494870	RemoteAgent	WARN	TLS certificate errors will be ignored for this session
console.warn: SearchSettings: "get: No settings file exists, new profile?" (new NotFoundError("Could not open the file at /var/folders/z6/0d6qlfgn7dl8d93fgt5_t2pm0000gn/T/rust_mozprofileX6ARTZ/search.json.mozlz4", (void 0)))
UNSUPPORTED (log once): POSSIBLE ISSUE: unit 1 GLD_TEXTURE_INDEX_2D is unloadable and bound to sampler type (Float) - using zero texture because texture unloadable
1676080508422	Marionette	INFO	Stopped listening on port 64611
1676080522266	geckodriver	INFO	Listening on 127.0.0.1:64644
1676080523283	mozrunner::runner	INFO	Running command: "/Applications/Firefox.app/Contents/MacOS/firefox-bin" "--marionette" "-headless" "-foreground" "-no-remote" "-profile" "/var/folders/z6/0d6qlfgn7dl8d93fgt5_t2pm0000gn/T/rust_mozprofileLNzn2I"
*** You are running in headless mode.
1676080523595	Marionette	INFO	Marionette enabled
1676080523606	Marionette	INFO	Listening on port 64651
Read port: 64651
1676080523775	RemoteAgent	WARN	TLS certificate errors will be ignored for this session
[GFX1-]: RenderCompositorSWGL failed mapping default framebuffer, no dt
console.warn: SearchSettings: "get: No settings file exists, new profile?" (new NotFoundError("Could not open the file at /var/folders/z6/0d6qlfgn7dl8d93fgt5_t2pm0000gn/T/rust_mozprofileLNzn2I/search.json.mozlz4", (void 0)))
1676080525255	Marionette	INFO	Stopped listening on port 64651
1676080525515	geckodriver	INFO	Listening on 127.0.0.1:64681
1676080526532	mozrunner::runner	INFO	Running command: "/Applications/Firefox.app/Contents/MacOS/firefox-bin" "--marionette" "-headless" "-foreground" "-no-remote" "-profile" "/var/folders/z6/0d6qlfgn7dl8d93fgt5_t2pm0000gn/T/rust_mozprofileqthRdL"
*** You are running in headless mode.
1676080526766	Marionette	INFO	Marionette enabled
1676080526773	Marionette	INFO	Listening on port 64688
Read port: 64688
1676080526983	RemoteAgent	WARN	TLS certificate errors will be ignored for this session
[GFX1-]: RenderCompositorSWGL failed mapping default framebuffer, no dt
console.warn: SearchSettings: "get: No settings file exists, new profile?" (new NotFoundError("Could not open the file at /var/folders/z6/0d6qlfgn7dl8d93fgt5_t2pm0000gn/T/rust_mozprofileqthRdL/search.json.mozlz4", (void 0)))
1676080527983	Marionette	INFO	Stopped listening on port 64688
1676080528230	geckodriver	INFO	Listening on 127.0.0.1:64704
1676080529246	mozrunner::runner	INFO	Running command: "/Applications/Firefox.app/Contents/MacOS/firefox-bin" "--marionette" "-headless" "-foreground" "-no-remote" "-profile" "/var/folders/z6/0d6qlfgn7dl8d93fgt5_t2pm0000gn/T/rust_mozprofilevuKcxa"
*** You are running in headless mode.
1676080529476	Marionette	INFO	Marionette enabled
1676080529484	Marionette	INFO	Listening on port 64711
Read port: 64711
1676080529652	RemoteAgent	WARN	TLS certificate errors will be ignored for this session
[GFX1-]: RenderCompositorSWGL failed mapping default framebuffer, no dt
console.warn: SearchSettings: "get: No settings file exists, new profile?" (new NotFoundError("Could not open the file at /var/folders/z6/0d6qlfgn7dl8d93fgt5_t2pm0000gn/T/rust_mozprofilevuKcxa/search.json.mozlz4", (void 0)))
1676080531163	Marionette	INFO	Stopped listening on port 64711
1676080531539	geckodriver	INFO	Listening on 127.0.0.1:64739
1676080532553	mozrunner::runner	INFO	Running command: "/Applications/Firefox.app/Contents/MacOS/firefox-bin" "--marionette" "-headless" "-foreground" "-no-remote" "-profile" "/var/folders/z6/0d6qlfgn7dl8d93fgt5_t2pm0000gn/T/rust_mozprofilej2u1ug"
*** You are running in headless mode.
1676080532799	Marionette	INFO	Marionette enabled
1676080532836	Marionette	INFO	Listening on port 64746
Read port: 64746
1676080532953	RemoteAgent	WARN	TLS certificate errors will be ignored for this session
[GFX1-]: RenderCompositorSWGL failed mapping default framebuffer, no dt
console.warn: SearchSettings: "get: No settings file exists, new profile?" (new NotFoundError("Could not open the file at /var/folders/z6/0d6qlfgn7dl8d93fgt5_t2pm0000gn/T/rust_mozprofilej2u1ug/search.json.mozlz4", (void 0)))
1676080534287	Marionette	INFO	Stopped listening on port 64746
1676080534547	geckodriver	INFO	Listening on 127.0.0.1:64773
1676080535565	mozrunner::runner	INFO	Running command: "/Applications/Firefox.app/Contents/MacOS/firefox-bin" "--marionette" "-headless" "-foreground" "-no-remote" "-profile" "/var/folders/z6/0d6qlfgn7dl8d93fgt5_t2pm0000gn/T/rust_mozprofiletueio3"
*** You are running in headless mode.
1676080535793	Marionette	INFO	Marionette enabled
1676080535801	Marionette	INFO	Listening on port 64780
Read port: 64780
1676080535968	RemoteAgent	WARN	TLS certificate errors will be ignored for this session
[GFX1-]: RenderCompositorSWGL failed mapping default framebuffer, no dt
console.warn: SearchSettings: "get: No settings file exists, new profile?" (new NotFoundError("Could not open the file at /var/folders/z6/0d6qlfgn7dl8d93fgt5_t2pm0000gn/T/rust_mozprofiletueio3/search.json.mozlz4", (void 0)))
1676080536824	Marionette	INFO	Stopped listening on port 64780
1676080537074	geckodriver	INFO	Listening on 127.0.0.1:64796
1676080538090	mozrunner::runner	INFO	Running command: "/Applications/Firefox.app/Contents/MacOS/firefox-bin" "--marionette" "-headless" "-foreground" "-no-remote" "-profile" "/var/folders/z6/0d6qlfgn7dl8d93fgt5_t2pm0000gn/T/rust_mozprofileZr4tJ7"
*** You are running in headless mode.
1676080538319	Marionette	INFO	Marionette enabled
1676080538327	Marionette	INFO	Listening on port 64803
Read port: 64803
1676080538496	RemoteAgent	WARN	TLS certificate errors will be ignored for this session
[GFX1-]: RenderCompositorSWGL failed mapping default framebuffer, no dt
console.warn: SearchSettings: "get: No settings file exists, new profile?" (new NotFoundError("Could not open the file at /var/folders/z6/0d6qlfgn7dl8d93fgt5_t2pm0000gn/T/rust_mozprofileZr4tJ7/search.json.mozlz4", (void 0)))
1676080539979	Marionette	INFO	Stopped listening on port 64803
1676080540246	geckodriver	INFO	Listening on 127.0.0.1:64830
1676080541263	mozrunner::runner	INFO	Running command: "/Applications/Firefox.app/Contents/MacOS/firefox-bin" "--marionette" "-headless" "-foreground" "-no-remote" "-profile" "/var/folders/z6/0d6qlfgn7dl8d93fgt5_t2pm0000gn/T/rust_mozprofilernKIgg"
*** You are running in headless mode.
1676080541504	Marionette	INFO	Marionette enabled
1676080541543	Marionette	INFO	Listening on port 64837
Read port: 64837
1676080541684	RemoteAgent	WARN	TLS certificate errors will be ignored for this session
[GFX1-]: RenderCompositorSWGL failed mapping default framebuffer, no dt
console.warn: SearchSettings: "get: No settings file exists, new profile?" (new NotFoundError("Could not open the file at /var/folders/z6/0d6qlfgn7dl8d93fgt5_t2pm0000gn/T/rust_mozprofilernKIgg/search.json.mozlz4", (void 0)))
1676080543089	Marionette	INFO	Stopped listening on port 64837
1676080543461	geckodriver	INFO	Listening on 127.0.0.1:64866
1676080544473	mozrunner::runner	INFO	Running command: "/Applications/Firefox.app/Contents/MacOS/firefox-bin" "--marionette" "-headless" "-foreground" "-no-remote" "-profile" "/var/folders/z6/0d6qlfgn7dl8d93fgt5_t2pm0000gn/T/rust_mozprofileLqjrpI"
*** You are running in headless mode.
1676080544693	Marionette	INFO	Marionette enabled
1676080544700	Marionette	INFO	Listening on port 64873
Read port: 64873
1676080544882	RemoteAgent	WARN	TLS certificate errors will be ignored for this session
[GFX1-]: RenderCompositorSWGL failed mapping default framebuffer, no dt
console.warn: SearchSettings: "get: No settings file exists, new profile?" (new NotFoundError("Could not open the file at /var/folders/z6/0d6qlfgn7dl8d93fgt5_t2pm0000gn/T/rust_mozprofileLqjrpI/search.json.mozlz4", (void 0)))
1676080545769	Marionette	INFO	Stopped listening on port 64873
console.error: Region.jsm: "Error fetching region" (new TypeError("NetworkError when attempting to fetch resource.", ""))
console.error: Region.jsm: "Failed to fetch region" (new Error("NO_RESULT", "resource://gre/modules/Region.jsm", 420))
1676080546017	geckodriver	INFO	Listening on 127.0.0.1:64889
1676080547035	mozrunner::runner	INFO	Running command: "/Applications/Firefox.app/Contents/MacOS/firefox-bin" "--marionette" "-headless" "-foreground" "-no-remote" "-profile" "/var/folders/z6/0d6qlfgn7dl8d93fgt5_t2pm0000gn/T/rust_mozprofilecZqGZ7"
*** You are running in headless mode.
1676080547270	Marionette	INFO	Marionette enabled
1676080547277	Marionette	INFO	Listening on port 64896
Read port: 64896
1676080547446	RemoteAgent	WARN	TLS certificate errors will be ignored for this session
[GFX1-]: RenderCompositorSWGL failed mapping default framebuffer, no dt
console.warn: SearchSettings: "get: No settings file exists, new profile?" (new NotFoundError("Could not open the file at /var/folders/z6/0d6qlfgn7dl8d93fgt5_t2pm0000gn/T/rust_mozprofilecZqGZ7/search.json.mozlz4", (void 0)))
1676080558964	Marionette	INFO	Stopped listening on port 64896
1676080559333	geckodriver	INFO	Listening on 127.0.0.1:64934
1676080560342	mozrunner::runner	INFO	Running command: "/Applications/Firefox.app/Contents/MacOS/firefox-bin" "--marionette" "-headless" "-foreground" "-no-remote" "-profile" "/var/folders/z6/0d6qlfgn7dl8d93fgt5_t2pm0000gn/T/rust_mozprofileoBAntF"
*** You are running in headless mode.
1676080560589	Marionette	INFO	Marionette enabled
1676080560596	Marionette	INFO	Listening on port 64941
Read port: 64941
1676080560778	RemoteAgent	WARN	TLS certificate errors will be ignored for this session
[GFX1-]: RenderCompositorSWGL failed mapping default framebuffer, no dt
console.warn: SearchSettings: "get: No settings file exists, new profile?" (new NotFoundError("Could not open the file at /var/folders/z6/0d6qlfgn7dl8d93fgt5_t2pm0000gn/T/rust_mozprofileoBAntF/search.json.mozlz4", (void 0)))
1676080562035	Marionette	INFO	Stopped listening on port 64941
1676080562291	geckodriver	INFO	Listening on 127.0.0.1:64969
1676080563299	mozrunner::runner	INFO	Running command: "/Applications/Firefox.app/Contents/MacOS/firefox-bin" "--marionette" "-headless" "-foreground" "-no-remote" "-profile" "/var/folders/z6/0d6qlfgn7dl8d93fgt5_t2pm0000gn/T/rust_mozprofilesE2LGy"
*** You are running in headless mode.
1676080563592	Marionette	INFO	Marionette enabled
1676080563600	Marionette	INFO	Listening on port 64976
Read port: 64976
1676080563755	RemoteAgent	WARN	TLS certificate errors will be ignored for this session
[GFX1-]: RenderCompositorSWGL failed mapping default framebuffer, no dt
console.warn: SearchSettings: "get: No settings file exists, new profile?" (new NotFoundError("Could not open the file at /var/folders/z6/0d6qlfgn7dl8d93fgt5_t2pm0000gn/T/rust_mozprofilesE2LGy/search.json.mozlz4", (void 0)))
1676080564725	Marionette	INFO	Stopped listening on port 64976
1676080565079	geckodriver	INFO	Listening on 127.0.0.1:64992
1676080566093	mozrunner::runner	INFO	Running command: "/Applications/Firefox.app/Contents/MacOS/firefox-bin" "--marionette" "-headless" "-foreground" "-no-remote" "-profile" "/var/folders/z6/0d6qlfgn7dl8d93fgt5_t2pm0000gn/T/rust_mozprofileYR5jui"
*** You are running in headless mode.
1676080566350	Marionette	INFO	Marionette enabled
1676080566357	Marionette	INFO	Listening on port 64999
Read port: 64999
1676080566575	RemoteAgent	WARN	TLS certificate errors will be ignored for this session
[GFX1-]: RenderCompositorSWGL failed mapping default framebuffer, no dt
console.warn: SearchSettings: "get: No settings file exists, new profile?" (new NotFoundError("Could not open the file at /var/folders/z6/0d6qlfgn7dl8d93fgt5_t2pm0000gn/T/rust_mozprofileYR5jui/search.json.mozlz4", (void 0)))
1676080568303	Marionette	INFO	Stopped listening on port 64999
1676080568677	geckodriver	INFO	Listening on 127.0.0.1:65029
1676080569693	mozrunner::runner	INFO	Running command: "/Applications/Firefox.app/Contents/MacOS/firefox-bin" "--marionette" "-headless" "-foreground" "-no-remote" "-profile" "/var/folders/z6/0d6qlfgn7dl8d93fgt5_t2pm0000gn/T/rust_mozprofile4Gi3o5"
*** You are running in headless mode.
1676080569936	Marionette	INFO	Marionette enabled
1676080569977	Marionette	INFO	Listening on port 65036
Read port: 65036
1676080570116	RemoteAgent	WARN	TLS certificate errors will be ignored for this session
[GFX1-]: RenderCompositorSWGL failed mapping default framebuffer, no dt
console.warn: SearchSettings: "get: No settings file exists, new profile?" (new NotFoundError("Could not open the file at /var/folders/z6/0d6qlfgn7dl8d93fgt5_t2pm0000gn/T/rust_mozprofile4Gi3o5/search.json.mozlz4", (void 0)))
1676080571425	Marionette	INFO	Stopped listening on port 65036
1676080571795	geckodriver	INFO	Listening on 127.0.0.1:65065
1676080572804	mozrunner::runner	INFO	Running command: "/Applications/Firefox.app/Contents/MacOS/firefox-bin" "--marionette" "-headless" "-foreground" "-no-remote" "-profile" "/var/folders/z6/0d6qlfgn7dl8d93fgt5_t2pm0000gn/T/rust_mozprofileja2zJV"
*** You are running in headless mode.
1676080573033	Marionette	INFO	Marionette enabled
1676080573040	Marionette	INFO	Listening on port 65072
Read port: 65072
1676080573256	RemoteAgent	WARN	TLS certificate errors will be ignored for this session
[GFX1-]: RenderCompositorSWGL failed mapping default framebuffer, no dt
console.warn: SearchSettings: "get: No settings file exists, new profile?" (new NotFoundError("Could not open the file at /var/folders/z6/0d6qlfgn7dl8d93fgt5_t2pm0000gn/T/rust_mozprofileja2zJV/search.json.mozlz4", (void 0)))
1676080574138	Marionette	INFO	Stopped listening on port 65072
console.log: "RemoteSettingsWorker error: Error: Can't import when we've started shutting down."
JavaScript error: resource://gre/modules/AsyncShutdown.jsm, line 719: Error: Phase "profile-before-change" is finished, it is too late to register completion condition "DoHController: clear state and remove observers"
1676080574518	geckodriver	INFO	Listening on 127.0.0.1:65088
1676080575534	mozrunner::runner	INFO	Running command: "/Applications/Firefox.app/Contents/MacOS/firefox-bin" "--marionette" "-headless" "-foreground" "-no-remote" "-profile" "/var/folders/z6/0d6qlfgn7dl8d93fgt5_t2pm0000gn/T/rust_mozprofileWTM5Gd"
*** You are running in headless mode.
1676080575765	Marionette	INFO	Marionette enabled
1676080575772	Marionette	INFO	Listening on port 65095
Read port: 65095
1676080575997	RemoteAgent	WARN	TLS certificate errors will be ignored for this session
[GFX1-]: RenderCompositorSWGL failed mapping default framebuffer, no dt
console.warn: SearchSettings: "get: No settings file exists, new profile?" (new NotFoundError("Could not open the file at /var/folders/z6/0d6qlfgn7dl8d93fgt5_t2pm0000gn/T/rust_mozprofileWTM5Gd/search.json.mozlz4", (void 0)))
1676080577589	Marionette	INFO	Stopped listening on port 65095
1676080577973	geckodriver	INFO	Listening on 127.0.0.1:65124
1676080578985	mozrunner::runner	INFO	Running command: "/Applications/Firefox.app/Contents/MacOS/firefox-bin" "--marionette" "-headless" "-foreground" "-no-remote" "-profile" "/var/folders/z6/0d6qlfgn7dl8d93fgt5_t2pm0000gn/T/rust_mozprofile6nwkha"
*** You are running in headless mode.
1676080579227	Marionette	INFO	Marionette enabled
1676080579266	Marionette	INFO	Listening on port 65131
Read port: 65131
1676080579406	RemoteAgent	WARN	TLS certificate errors will be ignored for this session
[GFX1-]: RenderCompositorSWGL failed mapping default framebuffer, no dt
console.warn: SearchSettings: "get: No settings file exists, new profile?" (new NotFoundError("Could not open the file at /var/folders/z6/0d6qlfgn7dl8d93fgt5_t2pm0000gn/T/rust_mozprofile6nwkha/search.json.mozlz4", (void 0)))
1676080580982	Marionette	INFO	Stopped listening on port 65131
1676080581247	geckodriver	INFO	Listening on 127.0.0.1:65162
1676080582261	mozrunner::runner	INFO	Running command: "/Applications/Firefox.app/Contents/MacOS/firefox-bin" "--marionette" "-headless" "-foreground" "-no-remote" "-profile" "/var/folders/z6/0d6qlfgn7dl8d93fgt5_t2pm0000gn/T/rust_mozprofileYA2w7a"
*** You are running in headless mode.
1676080582494	Marionette	INFO	Marionette enabled
1676080582531	Marionette	INFO	Listening on port 65169
Read port: 65169
1676080582674	RemoteAgent	WARN	TLS certificate errors will be ignored for this session
[GFX1-]: RenderCompositorSWGL failed mapping default framebuffer, no dt
console.warn: SearchSettings: "get: No settings file exists, new profile?" (new NotFoundError("Could not open the file at /var/folders/z6/0d6qlfgn7dl8d93fgt5_t2pm0000gn/T/rust_mozprofileYA2w7a/search.json.mozlz4", (void 0)))
1676080583591	Marionette	INFO	Stopped listening on port 65169
1676080583943	geckodriver	INFO	Listening on 127.0.0.1:65185
1676080584951	mozrunner::runner	INFO	Running command: "/Applications/Firefox.app/Contents/MacOS/firefox-bin" "--marionette" "-headless" "-foreground" "-no-remote" "-profile" "/var/folders/z6/0d6qlfgn7dl8d93fgt5_t2pm0000gn/T/rust_mozprofileFU1nxE"
*** You are running in headless mode.
1676080585177	Marionette	INFO	Marionette enabled
1676080585184	Marionette	INFO	Listening on port 65192
Read port: 65192
1676080585351	RemoteAgent	WARN	TLS certificate errors will be ignored for this session
[GFX1-]: RenderCompositorSWGL failed mapping default framebuffer, no dt
console.warn: SearchSettings: "get: No settings file exists, new profile?" (new NotFoundError("Could not open the file at /var/folders/z6/0d6qlfgn7dl8d93fgt5_t2pm0000gn/T/rust_mozprofileFU1nxE/search.json.mozlz4", (void 0)))
1676080586871	Marionette	INFO	Stopped listening on port 65192
1676080587137	geckodriver	INFO	Listening on 127.0.0.1:65220
1676080588148	mozrunner::runner	INFO	Running command: "/Applications/Firefox.app/Contents/MacOS/firefox-bin" "--marionette" "-headless" "-foreground" "-no-remote" "-profile" "/var/folders/z6/0d6qlfgn7dl8d93fgt5_t2pm0000gn/T/rust_mozprofile4gHing"
*** You are running in headless mode.
1676080588390	Marionette	INFO	Marionette enabled
1676080588429	Marionette	INFO	Listening on port 65227
Read port: 65227
1676080588567	RemoteAgent	WARN	TLS certificate errors will be ignored for this session
[GFX1-]: RenderCompositorSWGL failed mapping default framebuffer, no dt
console.warn: SearchSettings: "get: No settings file exists, new profile?" (new NotFoundError("Could not open the file at /var/folders/z6/0d6qlfgn7dl8d93fgt5_t2pm0000gn/T/rust_mozprofile4gHing/search.json.mozlz4", (void 0)))
1676080589774	Marionette	INFO	Stopped listening on port 65227
1676080590139	geckodriver	INFO	Listening on 127.0.0.1:65252
1676080591155	mozrunner::runner	INFO	Running command: "/Applications/Firefox.app/Contents/MacOS/firefox-bin" "--marionette" "-headless" "-foreground" "-no-remote" "-profile" "/var/folders/z6/0d6qlfgn7dl8d93fgt5_t2pm0000gn/T/rust_mozprofileZpUZ8q"
*** You are running in headless mode.
1676080591383	Marionette	INFO	Marionette enabled
1676080591390	Marionette	INFO	Listening on port 65259
Read port: 65259
1676080591602	RemoteAgent	WARN	TLS certificate errors will be ignored for this session
[GFX1-]: RenderCompositorSWGL failed mapping default framebuffer, no dt
console.warn: SearchSettings: "get: No settings file exists, new profile?" (new NotFoundError("Could not open the file at /var/folders/z6/0d6qlfgn7dl8d93fgt5_t2pm0000gn/T/rust_mozprofileZpUZ8q/search.json.mozlz4", (void 0)))
1676080592548	Marionette	INFO	Stopped listening on port 65259
1676080592797	geckodriver	INFO	Listening on 127.0.0.1:65275
1676080593815	mozrunner::runner	INFO	Running command: "/Applications/Firefox.app/Contents/MacOS/firefox-bin" "--marionette" "-headless" "-foreground" "-no-remote" "-profile" "/var/folders/z6/0d6qlfgn7dl8d93fgt5_t2pm0000gn/T/rust_mozprofilemd3v1S"
*** You are running in headless mode.
1676080594048	Marionette	INFO	Marionette enabled
1676080594056	Marionette	INFO	Listening on port 65282
Read port: 65282
1676080594266	RemoteAgent	WARN	TLS certificate errors will be ignored for this session
[GFX1-]: RenderCompositorSWGL failed mapping default framebuffer, no dt
console.warn: SearchSettings: "get: No settings file exists, new profile?" (new NotFoundError("Could not open the file at /var/folders/z6/0d6qlfgn7dl8d93fgt5_t2pm0000gn/T/rust_mozprofilemd3v1S/search.json.mozlz4", (void 0)))
1676080595942	geckodriver	INFO	Listening on 127.0.0.1:65312
Exiting due to channel error.
Exiting due to channel error.
[GFX1-]: Receive IPC close with reason=AbnormalShutdown
Exiting due to channel error.
Exiting due to channel error.
Exiting due to channel error.
[GFX1-]: Receive IPC close with reason=AbnormalShutdown
Exiting due to channel error.
1676080699261	geckodriver	INFO	Listening on 127.0.0.1:65318
1676080700277	mozrunner::runner	INFO	Running command: "/Applications/Firefox.app/Contents/MacOS/firefox-bin" "--marionette" "-headless" "-foreground" "-no-remote" "-profile" "/var/folders/z6/0d6qlfgn7dl8d93fgt5_t2pm0000gn/T/rust_mozprofileKijLGA"
*** You are running in headless mode.
1676080700598	Marionette	INFO	Marionette enabled
1676080700608	Marionette	INFO	Listening on port 65325
Read port: 65325
1676080700782	RemoteAgent	WARN	TLS certificate errors will be ignored for this session
[GFX1-]: RenderCompositorSWGL failed mapping default framebuffer, no dt
console.warn: SearchSettings: "get: No settings file exists, new profile?" (new NotFoundError("Could not open the file at /var/folders/z6/0d6qlfgn7dl8d93fgt5_t2pm0000gn/T/rust_mozprofileKijLGA/search.json.mozlz4", (void 0)))
1676080702103	Marionette	INFO	Stopped listening on port 65325
1676080702364	geckodriver	INFO	Listening on 127.0.0.1:65352
1676080703382	mozrunner::runner	INFO	Running command: "/Applications/Firefox.app/Contents/MacOS/firefox-bin" "--marionette" "-headless" "-foreground" "-no-remote" "-profile" "/var/folders/z6/0d6qlfgn7dl8d93fgt5_t2pm0000gn/T/rust_mozprofileKBl4T8"
*** You are running in headless mode.
1676080703613	Marionette	INFO	Marionette enabled
1676080703620	Marionette	INFO	Listening on port 65361
Read port: 65361
1676080703786	RemoteAgent	WARN	TLS certificate errors will be ignored for this session
[GFX1-]: RenderCompositorSWGL failed mapping default framebuffer, no dt
console.warn: SearchSettings: "get: No settings file exists, new profile?" (new NotFoundError("Could not open the file at /var/folders/z6/0d6qlfgn7dl8d93fgt5_t2pm0000gn/T/rust_mozprofileKBl4T8/search.json.mozlz4", (void 0)))
1676080704785	Marionette	INFO	Stopped listening on port 65361
1676080705032	geckodriver	INFO	Listening on 127.0.0.1:65377
1676080706048	mozrunner::runner	INFO	Running command: "/Applications/Firefox.app/Contents/MacOS/firefox-bin" "--marionette" "-headless" "-foreground" "-no-remote" "-profile" "/var/folders/z6/0d6qlfgn7dl8d93fgt5_t2pm0000gn/T/rust_mozprofileNeV0Uz"
*** You are running in headless mode.
1676080706279	Marionette	INFO	Marionette enabled
1676080706286	Marionette	INFO	Listening on port 65384
Read port: 65384
1676080706450	RemoteAgent	WARN	TLS certificate errors will be ignored for this session
[GFX1-]: RenderCompositorSWGL failed mapping default framebuffer, no dt
console.warn: SearchSettings: "get: No settings file exists, new profile?" (new NotFoundError("Could not open the file at /var/folders/z6/0d6qlfgn7dl8d93fgt5_t2pm0000gn/T/rust_mozprofileNeV0Uz/search.json.mozlz4", (void 0)))
1676080708747	Marionette	INFO	Stopped listening on port 65384
1676080709132	geckodriver	INFO	Listening on 127.0.0.1:65419
1676080710146	mozrunner::runner	INFO	Running command: "/Applications/Firefox.app/Contents/MacOS/firefox-bin" "--marionette" "-headless" "-foreground" "-no-remote" "-profile" "/var/folders/z6/0d6qlfgn7dl8d93fgt5_t2pm0000gn/T/rust_mozprofilevLPOlP"
*** You are running in headless mode.
1676080710441	Marionette	INFO	Marionette enabled
1676080710484	Marionette	INFO	Listening on port 65427
Read port: 65427
1676080710621	RemoteAgent	WARN	TLS certificate errors will be ignored for this session
[GFX1-]: RenderCompositorSWGL failed mapping default framebuffer, no dt
console.warn: SearchSettings: "get: No settings file exists, new profile?" (new NotFoundError("Could not open the file at /var/folders/z6/0d6qlfgn7dl8d93fgt5_t2pm0000gn/T/rust_mozprofilevLPOlP/search.json.mozlz4", (void 0)))
1676080712902	Marionette	INFO	Stopped listening on port 65427
1676080713276	geckodriver	INFO	Listening on 127.0.0.1:65460
1676080714280	mozrunner::runner	INFO	Running command: "/Applications/Firefox.app/Contents/MacOS/firefox-bin" "--marionette" "-headless" "-foreground" "-no-remote" "-profile" "/var/folders/z6/0d6qlfgn7dl8d93fgt5_t2pm0000gn/T/rust_mozprofileW96LYp"
*** You are running in headless mode.
1676080714506	Marionette	INFO	Marionette enabled
1676080714514	Marionette	INFO	Listening on port 65467
Read port: 65467
1676080714691	RemoteAgent	WARN	TLS certificate errors will be ignored for this session
[GFX1-]: RenderCompositorSWGL failed mapping default framebuffer, no dt
console.warn: SearchSettings: "get: No settings file exists, new profile?" (new NotFoundError("Could not open the file at /var/folders/z6/0d6qlfgn7dl8d93fgt5_t2pm0000gn/T/rust_mozprofileW96LYp/search.json.mozlz4", (void 0)))
1676080715581	Marionette	INFO	Stopped listening on port 65467
console.error: Region.jsm: "Error fetching region" (new TypeError("NetworkError when attempting to fetch resource.", ""))
console.error: Region.jsm: "Failed to fetch region" (new Error("NO_RESULT", "resource://gre/modules/Region.jsm", 420))
