1661126503579	geckodriver	INFO	Listening on 127.0.0.1:49234
1661126504586	mozrunner::runner	INFO	Running command: "/Applications/Firefox.app/Contents/MacOS/firefox-bin" "--marionette" "-headless" "-foreground" "-no-remote" "-profile" "/var/folders/z6/0d6qlfgn7dl8d93fgt5_t2pm0000gn/T/rust_mozprofilewqdpx3"
*** You are running in headless mode.
2022-08-21 21:01:45.012 plugin-container[787:9087] nil host used in call to allowsSpecificHTTPSCertificateForHost
2022-08-21 21:01:45.012 plugin-container[787:9087] nil host used in call to allowsAnyHTTPSCertificateForHost:
2022-08-21 21:01:45.019 plugin-container[787:9087] nil host used in call to allowsSpecificHTTPSCertificateForHost
2022-08-21 21:01:45.019 plugin-container[787:9087] nil host used in call to allowsAnyHTTPSCertificateForHost:
2022-08-21 21:01:45.019 plugin-container[787:9085] nil host used in call to allowsSpecificHTTPSCertificateForHost
2022-08-21 21:01:45.019 plugin-container[787:9085] nil host used in call to allowsAnyHTTPSCertificateForHost:
1661126505030	Marionette	INFO	Marionette enabled
1661126505041	Marionette	INFO	Listening on port 49248
Read port: 49248
1661126505234	RemoteAgent	WARN	TLS certificate errors will be ignored for this session
[GFX1-]: RenderCompositorSWGL failed mapping default framebuffer, no dt
console.warn: SearchSettings: "get: No settings file exists, new profile?" (new NotFoundError("Could not open the file at /var/folders/z6/0d6qlfgn7dl8d93fgt5_t2pm0000gn/T/rust_mozprofilewqdpx3/search.json.mozlz4", (void 0)))
1661126508886	Marionette	INFO	Stopped listening on port 49248
1661126509127	geckodriver	INFO	Listening on 127.0.0.1:49272
1661126510144	mozrunner::runner	INFO	Running command: "/Applications/Firefox.app/Contents/MacOS/firefox-bin" "--marionette" "-headless" "-foreground" "-no-remote" "-profile" "/var/folders/z6/0d6qlfgn7dl8d93fgt5_t2pm0000gn/T/rust_mozprofileHSpJDF"
*** You are running in headless mode.
2022-08-21 21:01:50.329 plugin-container[797:9498] nil host used in call to allowsSpecificHTTPSCertificateForHost
2022-08-21 21:01:50.330 plugin-container[797:9498] nil host used in call to allowsAnyHTTPSCertificateForHost:
2022-08-21 21:01:50.331 plugin-container[797:9498] nil host used in call to allowsSpecificHTTPSCertificateForHost
2022-08-21 21:01:50.331 plugin-container[797:9498] nil host used in call to allowsAnyHTTPSCertificateForHost:
2022-08-21 21:01:50.331 plugin-container[797:9505] nil host used in call to allowsSpecificHTTPSCertificateForHost
2022-08-21 21:01:50.331 plugin-container[797:9505] nil host used in call to allowsAnyHTTPSCertificateForHost:
1661126510337	Marionette	INFO	Marionette enabled
1661126510367	Marionette	INFO	Listening on port 49283
Read port: 49283
1661126510523	RemoteAgent	WARN	TLS certificate errors will be ignored for this session
[GFX1-]: RenderCompositorSWGL failed mapping default framebuffer, no dt
console.warn: SearchSettings: "get: No settings file exists, new profile?" (new NotFoundError("Could not open the file at /var/folders/z6/0d6qlfgn7dl8d93fgt5_t2pm0000gn/T/rust_mozprofileHSpJDF/search.json.mozlz4", (void 0)))
1661126513548	Marionette	INFO	Stopped listening on port 49283
1661126513807	geckodriver	INFO	Listening on 127.0.0.1:49331
1661126514825	mozrunner::runner	INFO	Running command: "/Applications/Firefox.app/Contents/MacOS/firefox-bin" "--marionette" "-headless" "-foreground" "-no-remote" "-profile" "/var/folders/z6/0d6qlfgn7dl8d93fgt5_t2pm0000gn/T/rust_mozprofileIZXAGz"
*** You are running in headless mode.
2022-08-21 21:01:55.012 plugin-container[811:9936] nil host used in call to allowsSpecificHTTPSCertificateForHost
2022-08-21 21:01:55.013 plugin-container[811:9936] nil host used in call to allowsAnyHTTPSCertificateForHost:
2022-08-21 21:01:55.014 plugin-container[811:9936] nil host used in call to allowsSpecificHTTPSCertificateForHost
2022-08-21 21:01:55.014 plugin-container[811:9936] nil host used in call to allowsAnyHTTPSCertificateForHost:
2022-08-21 21:01:55.014 plugin-container[811:9934] nil host used in call to allowsSpecificHTTPSCertificateForHost
2022-08-21 21:01:55.014 plugin-container[811:9934] nil host used in call to allowsAnyHTTPSCertificateForHost:
1661126515020	Marionette	INFO	Marionette enabled
1661126515027	Marionette	INFO	Listening on port 49338
Read port: 49338
1661126515148	RemoteAgent	WARN	TLS certificate errors will be ignored for this session
[GFX1-]: RenderCompositorSWGL failed mapping default framebuffer, no dt
console.warn: SearchSettings: "get: No settings file exists, new profile?" (new NotFoundError("Could not open the file at /var/folders/z6/0d6qlfgn7dl8d93fgt5_t2pm0000gn/T/rust_mozprofileIZXAGz/search.json.mozlz4", (void 0)))
1661126518706	Marionette	INFO	Stopped listening on port 49338
1661126518970	geckodriver	INFO	Listening on 127.0.0.1:49386
1661126519988	mozrunner::runner	INFO	Running command: "/Applications/Firefox.app/Contents/MacOS/firefox-bin" "--marionette" "-headless" "-foreground" "-no-remote" "-profile" "/var/folders/z6/0d6qlfgn7dl8d93fgt5_t2pm0000gn/T/rust_mozprofileXgeRRL"
*** You are running in headless mode.
2022-08-21 21:02:00.180 plugin-container[825:10403] nil host used in call to allowsSpecificHTTPSCertificateForHost
2022-08-21 21:02:00.181 plugin-container[825:10403] nil host used in call to allowsAnyHTTPSCertificateForHost:
2022-08-21 21:02:00.183 plugin-container[825:10403] nil host used in call to allowsSpecificHTTPSCertificateForHost
2022-08-21 21:02:00.183 plugin-container[825:10403] nil host used in call to allowsAnyHTTPSCertificateForHost:
2022-08-21 21:02:00.183 plugin-container[825:10401] nil host used in call to allowsSpecificHTTPSCertificateForHost
2022-08-21 21:02:00.183 plugin-container[825:10401] nil host used in call to allowsAnyHTTPSCertificateForHost:
1661126520186	Marionette	INFO	Marionette enabled
1661126520216	Marionette	INFO	Listening on port 49393
Read port: 49393
1661126520320	RemoteAgent	WARN	TLS certificate errors will be ignored for this session
[GFX1-]: RenderCompositorSWGL failed mapping default framebuffer, no dt
console.warn: SearchSettings: "get: No settings file exists, new profile?" (new NotFoundError("Could not open the file at /var/folders/z6/0d6qlfgn7dl8d93fgt5_t2pm0000gn/T/rust_mozprofileXgeRRL/search.json.mozlz4", (void 0)))
1661126524464	Marionette	INFO	Stopped listening on port 49393
1661126524733	geckodriver	INFO	Listening on 127.0.0.1:49441
1661126525751	mozrunner::runner	INFO	Running command: "/Applications/Firefox.app/Contents/MacOS/firefox-bin" "--marionette" "-headless" "-foreground" "-no-remote" "-profile" "/var/folders/z6/0d6qlfgn7dl8d93fgt5_t2pm0000gn/T/rust_mozprofileVB97vY"
*** You are running in headless mode.
2022-08-21 21:02:05.944 plugin-container[839:10861] nil host used in call to allowsSpecificHTTPSCertificateForHost
2022-08-21 21:02:05.944 plugin-container[839:10861] nil host used in call to allowsAnyHTTPSCertificateForHost:
2022-08-21 21:02:05.946 plugin-container[839:10861] nil host used in call to allowsSpecificHTTPSCertificateForHost
2022-08-21 21:02:05.946 plugin-container[839:10861] nil host used in call to allowsAnyHTTPSCertificateForHost:
2022-08-21 21:02:05.947 plugin-container[839:10859] nil host used in call to allowsSpecificHTTPSCertificateForHost
2022-08-21 21:02:05.947 plugin-container[839:10859] nil host used in call to allowsAnyHTTPSCertificateForHost:
1661126525950	Marionette	INFO	Marionette enabled
1661126525980	Marionette	INFO	Listening on port 49448
Read port: 49448
1661126526083	RemoteAgent	WARN	TLS certificate errors will be ignored for this session
[GFX1-]: RenderCompositorSWGL failed mapping default framebuffer, no dt
console.warn: SearchSettings: "get: No settings file exists, new profile?" (new NotFoundError("Could not open the file at /var/folders/z6/0d6qlfgn7dl8d93fgt5_t2pm0000gn/T/rust_mozprofileVB97vY/search.json.mozlz4", (void 0)))
1661126529434	Marionette	INFO	Stopped listening on port 49448
1661126529697	geckodriver	INFO	Listening on 127.0.0.1:49496
1661126530715	mozrunner::runner	INFO	Running command: "/Applications/Firefox.app/Contents/MacOS/firefox-bin" "--marionette" "-headless" "-foreground" "-no-remote" "-profile" "/var/folders/z6/0d6qlfgn7dl8d93fgt5_t2pm0000gn/T/rust_mozprofilewtIqTh"
*** You are running in headless mode.
2022-08-21 21:02:10.907 plugin-container[853:11315] nil host used in call to allowsSpecificHTTPSCertificateForHost
2022-08-21 21:02:10.907 plugin-container[853:11315] nil host used in call to allowsAnyHTTPSCertificateForHost:
2022-08-21 21:02:10.909 plugin-container[853:11315] nil host used in call to allowsSpecificHTTPSCertificateForHost
2022-08-21 21:02:10.909 plugin-container[853:11315] nil host used in call to allowsAnyHTTPSCertificateForHost:
2022-08-21 21:02:10.909 plugin-container[853:11317] nil host used in call to allowsSpecificHTTPSCertificateForHost
2022-08-21 21:02:10.909 plugin-container[853:11317] nil host used in call to allowsAnyHTTPSCertificateForHost:
1661126530914	Marionette	INFO	Marionette enabled
1661126530921	Marionette	INFO	Listening on port 49503
Read port: 49503
1661126531043	RemoteAgent	WARN	TLS certificate errors will be ignored for this session
[GFX1-]: RenderCompositorSWGL failed mapping default framebuffer, no dt
console.warn: SearchSettings: "get: No settings file exists, new profile?" (new NotFoundError("Could not open the file at /var/folders/z6/0d6qlfgn7dl8d93fgt5_t2pm0000gn/T/rust_mozprofilewtIqTh/search.json.mozlz4", (void 0)))
[GFX1-]: Receive IPC close with reason=AbnormalShutdown
Exiting due to channel error.
Exiting due to channel error.
Exiting due to channel error.
Exiting due to channel error.
Exiting due to channel error.
1661126544028	geckodriver	INFO	Listening on 127.0.0.1:49555
1661128349125	geckodriver	INFO	Listening on 127.0.0.1:49699
1661128350146	mozrunner::runner	INFO	Running command: "/Applications/Firefox.app/Contents/MacOS/firefox-bin" "--marionette" "-headless" "-foreground" "-no-remote" "-profile" "/var/folders/z6/0d6qlfgn7dl8d93fgt5_t2pm0000gn/T/rust_mozprofile3e3AJp"
*** You are running in headless mode.
2022-08-21 21:32:30.392 plugin-container[1623:22223] nil host used in call to allowsSpecificHTTPSCertificateForHost
2022-08-21 21:32:30.392 plugin-container[1623:22223] nil host used in call to allowsAnyHTTPSCertificateForHost:
2022-08-21 21:32:30.396 plugin-container[1623:22223] nil host used in call to allowsSpecificHTTPSCertificateForHost
2022-08-21 21:32:30.396 plugin-container[1623:22223] nil host used in call to allowsAnyHTTPSCertificateForHost:
2022-08-21 21:32:30.396 plugin-container[1623:22250] nil host used in call to allowsSpecificHTTPSCertificateForHost
2022-08-21 21:32:30.396 plugin-container[1623:22250] nil host used in call to allowsAnyHTTPSCertificateForHost:
1661128350396	Marionette	INFO	Marionette enabled
1661128350427	Marionette	INFO	Listening on port 49706
Read port: 49706
1661128350563	RemoteAgent	WARN	TLS certificate errors will be ignored for this session
[GFX1-]: RenderCompositorSWGL failed mapping default framebuffer, no dt
console.warn: SearchSettings: "get: No settings file exists, new profile?" (new NotFoundError("Could not open the file at /var/folders/z6/0d6qlfgn7dl8d93fgt5_t2pm0000gn/T/rust_mozprofile3e3AJp/search.json.mozlz4", (void 0)))
1661128354225	Marionette	INFO	Stopped listening on port 49706
1661128354465	geckodriver	INFO	Listening on 127.0.0.1:49724
1661128355476	mozrunner::runner	INFO	Running command: "/Applications/Firefox.app/Contents/MacOS/firefox-bin" "--marionette" "-headless" "-foreground" "-no-remote" "-profile" "/var/folders/z6/0d6qlfgn7dl8d93fgt5_t2pm0000gn/T/rust_mozprofileogzWzP"
*** You are running in headless mode.
2022-08-21 21:32:35.641 plugin-container[1638:22657] nil host used in call to allowsSpecificHTTPSCertificateForHost
2022-08-21 21:32:35.641 plugin-container[1638:22657] nil host used in call to allowsAnyHTTPSCertificateForHost:
2022-08-21 21:32:35.643 plugin-container[1638:22657] nil host used in call to allowsSpecificHTTPSCertificateForHost
2022-08-21 21:32:35.643 plugin-container[1638:22657] nil host used in call to allowsAnyHTTPSCertificateForHost:
2022-08-21 21:32:35.643 plugin-container[1638:22665] nil host used in call to allowsSpecificHTTPSCertificateForHost
2022-08-21 21:32:35.643 plugin-container[1638:22665] nil host used in call to allowsAnyHTTPSCertificateForHost:
1661128355646	Marionette	INFO	Marionette enabled
1661128355652	Marionette	INFO	Listening on port 49731
Read port: 49731
1661128355773	RemoteAgent	WARN	TLS certificate errors will be ignored for this session
[GFX1-]: RenderCompositorSWGL failed mapping default framebuffer, no dt
console.warn: SearchSettings: "get: No settings file exists, new profile?" (new NotFoundError("Could not open the file at /var/folders/z6/0d6qlfgn7dl8d93fgt5_t2pm0000gn/T/rust_mozprofileogzWzP/search.json.mozlz4", (void 0)))
Exiting due to channel error.
Exiting due to channel error.
Exiting due to channel error.
1661128356460	geckodriver	INFO	Listening on 127.0.0.1:49757
1661128357472	mozrunner::runner	INFO	Running command: "/Applications/Firefox.app/Contents/MacOS/firefox-bin" "--marionette" "-headless" "-foreground" "-no-remote" "-profile" "/var/folders/z6/0d6qlfgn7dl8d93fgt5_t2pm0000gn/T/rust_mozprofilee0VLxu"
*** You are running in headless mode.
2022-08-21 21:32:37.654 plugin-container[1647:22977] nil host used in call to allowsSpecificHTTPSCertificateForHost
2022-08-21 21:32:37.654 plugin-container[1647:22977] nil host used in call to allowsAnyHTTPSCertificateForHost:
2022-08-21 21:32:37.656 plugin-container[1647:22977] nil host used in call to allowsSpecificHTTPSCertificateForHost
2022-08-21 21:32:37.656 plugin-container[1647:22977] nil host used in call to allowsAnyHTTPSCertificateForHost:
2022-08-21 21:32:37.656 plugin-container[1647:22980] nil host used in call to allowsSpecificHTTPSCertificateForHost
2022-08-21 21:32:37.656 plugin-container[1647:22980] nil host used in call to allowsAnyHTTPSCertificateForHost:
1661128357660	Marionette	INFO	Marionette enabled
1661128357666	Marionette	INFO	Listening on port 49764
[GFX1-]: RenderCompositorSWGL failed mapping default framebuffer, no dt
console.warn: SearchSettings: "get: No settings file exists, new profile?" (new NotFoundError("Could not open the file at /var/folders/z6/0d6qlfgn7dl8d93fgt5_t2pm0000gn/T/rust_mozprofilee0VLxu/search.json.mozlz4", (void 0)))
[GFX1-]: Receive IPC close with reason=AbnormalShutdown
Exiting due to channel error.
[GFX1-]: Receive IPC close with reason=AbnormalShutdown
Exiting due to channel error.
[GFX1-]: Receive IPC close with reason=AbnormalShutdown
Exiting due to channel error.
Exiting due to channel error.
Exiting due to channel error.
1661302743062	geckodriver	INFO	Listening on 127.0.0.1:49339
1661302744064	mozrunner::runner	INFO	Running command: "/Applications/Firefox.app/Contents/MacOS/firefox-bin" "--marionette" "-headless" "-foreground" "-no-remote" "-profile" "/var/folders/z6/0d6qlfgn7dl8d93fgt5_t2pm0000gn/T/rust_mozprofilejTzCYo"
*** You are running in headless mode.
1661302744285	Marionette	INFO	Marionette enabled
2022-08-23 21:59:04.287 plugin-container[781:10372] nil host used in call to allowsSpecificHTTPSCertificateForHost
2022-08-23 21:59:04.287 plugin-container[781:10372] nil host used in call to allowsAnyHTTPSCertificateForHost:
2022-08-23 21:59:04.293 plugin-container[781:10372] nil host used in call to allowsSpecificHTTPSCertificateForHost
2022-08-23 21:59:04.293 plugin-container[781:10372] nil host used in call to allowsAnyHTTPSCertificateForHost:
2022-08-23 21:59:04.293 plugin-container[781:10395] nil host used in call to allowsSpecificHTTPSCertificateForHost
2022-08-23 21:59:04.293 plugin-container[781:10395] nil host used in call to allowsAnyHTTPSCertificateForHost:
1661302744315	Marionette	INFO	Listening on port 49350
Read port: 49350
1661302744434	RemoteAgent	WARN	TLS certificate errors will be ignored for this session
[GFX1-]: RenderCompositorSWGL failed mapping default framebuffer, no dt
console.warn: SearchSettings: "get: No settings file exists, new profile?" (new NotFoundError("Could not open the file at /var/folders/z6/0d6qlfgn7dl8d93fgt5_t2pm0000gn/T/rust_mozprofilejTzCYo/search.json.mozlz4", (void 0)))
1661302746706	Marionette	INFO	Stopped listening on port 49350
1661302746947	geckodriver	INFO	Listening on 127.0.0.1:49365
1661302747964	mozrunner::runner	INFO	Running command: "/Applications/Firefox.app/Contents/MacOS/firefox-bin" "--marionette" "-headless" "-foreground" "-no-remote" "-profile" "/var/folders/z6/0d6qlfgn7dl8d93fgt5_t2pm0000gn/T/rust_mozprofileZ0dBke"
*** You are running in headless mode.
2022-08-23 21:59:08.153 plugin-container[789:10683] nil host used in call to allowsSpecificHTTPSCertificateForHost
2022-08-23 21:59:08.153 plugin-container[789:10683] nil host used in call to allowsAnyHTTPSCertificateForHost:
2022-08-23 21:59:08.155 plugin-container[789:10683] nil host used in call to allowsSpecificHTTPSCertificateForHost
2022-08-23 21:59:08.155 plugin-container[789:10683] nil host used in call to allowsAnyHTTPSCertificateForHost:
2022-08-23 21:59:08.155 plugin-container[789:10687] nil host used in call to allowsSpecificHTTPSCertificateForHost
2022-08-23 21:59:08.155 plugin-container[789:10687] nil host used in call to allowsAnyHTTPSCertificateForHost:
1661302748159	Marionette	INFO	Marionette enabled
1661302748190	Marionette	INFO	Listening on port 49376
Read port: 49376
1661302748355	RemoteAgent	WARN	TLS certificate errors will be ignored for this session
[GFX1-]: RenderCompositorSWGL failed mapping default framebuffer, no dt
console.warn: SearchSettings: "get: No settings file exists, new profile?" (new NotFoundError("Could not open the file at /var/folders/z6/0d6qlfgn7dl8d93fgt5_t2pm0000gn/T/rust_mozprofileZ0dBke/search.json.mozlz4", (void 0)))
1661302751909	Marionette	INFO	Stopped listening on port 49376
1661302752162	geckodriver	INFO	Listening on 127.0.0.1:49418
1661302753180	mozrunner::runner	INFO	Running command: "/Applications/Firefox.app/Contents/MacOS/firefox-bin" "--marionette" "-headless" "-foreground" "-no-remote" "-profile" "/var/folders/z6/0d6qlfgn7dl8d93fgt5_t2pm0000gn/T/rust_mozprofilep444oo"
*** You are running in headless mode.
2022-08-23 21:59:13.369 plugin-container[804:11110] nil host used in call to allowsSpecificHTTPSCertificateForHost
2022-08-23 21:59:13.369 plugin-container[804:11110] nil host used in call to allowsAnyHTTPSCertificateForHost:
2022-08-23 21:59:13.371 plugin-container[804:11110] nil host used in call to allowsSpecificHTTPSCertificateForHost
2022-08-23 21:59:13.371 plugin-container[804:11110] nil host used in call to allowsAnyHTTPSCertificateForHost:
2022-08-23 21:59:13.371 plugin-container[804:11134] nil host used in call to allowsSpecificHTTPSCertificateForHost
2022-08-23 21:59:13.371 plugin-container[804:11134] nil host used in call to allowsAnyHTTPSCertificateForHost:
1661302753373	Marionette	INFO	Marionette enabled
1661302753403	Marionette	INFO	Listening on port 49425
Read port: 49425
1661302753562	RemoteAgent	WARN	TLS certificate errors will be ignored for this session
[GFX1-]: RenderCompositorSWGL failed mapping default framebuffer, no dt
console.warn: SearchSettings: "get: No settings file exists, new profile?" (new NotFoundError("Could not open the file at /var/folders/z6/0d6qlfgn7dl8d93fgt5_t2pm0000gn/T/rust_mozprofilep444oo/search.json.mozlz4", (void 0)))
1661302758955	Marionette	INFO	Stopped listening on port 49425
1661302759213	geckodriver	INFO	Listening on 127.0.0.1:49472
1661302760231	mozrunner::runner	INFO	Running command: "/Applications/Firefox.app/Contents/MacOS/firefox-bin" "--marionette" "-headless" "-foreground" "-no-remote" "-profile" "/var/folders/z6/0d6qlfgn7dl8d93fgt5_t2pm0000gn/T/rust_mozprofileT8z220"
*** You are running in headless mode.
1661302760430	Marionette	INFO	Marionette enabled
2022-08-23 21:59:20.430 plugin-container[818:11594] nil host used in call to allowsSpecificHTTPSCertificateForHost
2022-08-23 21:59:20.430 plugin-container[818:11594] nil host used in call to allowsAnyHTTPSCertificateForHost:
2022-08-23 21:59:20.433 plugin-container[818:11594] nil host used in call to allowsSpecificHTTPSCertificateForHost
2022-08-23 21:59:20.433 plugin-container[818:11594] nil host used in call to allowsAnyHTTPSCertificateForHost:
2022-08-23 21:59:20.433 plugin-container[818:11619] nil host used in call to allowsSpecificHTTPSCertificateForHost
2022-08-23 21:59:20.433 plugin-container[818:11619] nil host used in call to allowsAnyHTTPSCertificateForHost:
1661302760462	Marionette	INFO	Listening on port 49479
1661302760528	geckodriver	INFO	Listening on 127.0.0.1:49480
1661361367567	geckodriver	INFO	Listening on 127.0.0.1:49806
1661361368569	mozrunner::runner	INFO	Running command: "/Applications/Firefox.app/Contents/MacOS/firefox-bin" "--marionette" "-headless" "-foreground" "-no-remote" "-profile" "/var/folders/z6/0d6qlfgn7dl8d93fgt5_t2pm0000gn/T/rust_mozprofilea6tTWP"
*** You are running in headless mode.
2022-08-24 14:16:08.875 plugin-container[1764:40207] nil host used in call to allowsSpecificHTTPSCertificateForHost
2022-08-24 14:16:08.876 plugin-container[1764:40207] nil host used in call to allowsAnyHTTPSCertificateForHost:
1661361368877	Marionette	INFO	Marionette enabled
1661361368886	Marionette	INFO	Listening on port 49817
Read port: 49817
2022-08-24 14:16:08.949 plugin-container[1764:40207] nil host used in call to allowsSpecificHTTPSCertificateForHost
2022-08-24 14:16:08.949 plugin-container[1764:40207] nil host used in call to allowsAnyHTTPSCertificateForHost:
2022-08-24 14:16:08.949 plugin-container[1764:40213] nil host used in call to allowsSpecificHTTPSCertificateForHost
2022-08-24 14:16:08.949 plugin-container[1764:40213] nil host used in call to allowsAnyHTTPSCertificateForHost:
1661361369156	RemoteAgent	WARN	TLS certificate errors will be ignored for this session
[GFX1-]: RenderCompositorSWGL failed mapping default framebuffer, no dt
console.warn: SearchSettings: "get: No settings file exists, new profile?" (new NotFoundError("Could not open the file at /var/folders/z6/0d6qlfgn7dl8d93fgt5_t2pm0000gn/T/rust_mozprofilea6tTWP/search.json.mozlz4", (void 0)))
Exiting due to channel error.
Exiting due to channel error.
Exiting due to channel error.
Exiting due to channel error.
Exiting due to channel error.
